Arguments: 
  /Users/jvanrheden/.gradle/nodejs/node-v16.13.0-darwin-arm64/bin/node /Users/jvanrheden/.gradle/yarn/yarn-v1.22.17/bin/yarn.js --ignore-scripts

PATH: 
  /Users/jvanrheden/Documents/google-cloud-sdk/bin:/Users/jvanrheden/.sdkman/candidates/java/current:/Users/jvanrheden/.nvm/versions/node/v18.2.0/bin:/opt/openssl/bin:/usr/local/bin:/usr/bin:/bin:/usr/sbin:/sbin:/opt/homebrew/bin:/usr/local/share/dotnet:~/.dotnet/tools:/Users/jvanrheden/Library/Application Support/JetBrains/Toolbox/scripts:/usr/local/share/dotnet

Yarn version: 
  1.22.17

Node version: 
  16.13.0

Platform: 
  darwin arm64

Trace: 
  Error: ENOENT: no such file or directory, lstat '/Users/jvanrheden/git/personal/kotlinjs/browser_application/build/js/node_modules/@types/node/dns/promises.d.ts'

npm manifest: 
  {
    "name": "browser_application",
    "version": "1.0-SNAPSHOT",
    "private": true,
    "workspaces": [
      "packages/browser_application",
      "packages/browser_application-test",
      "packages_imported/kotlin/1.6.20",
      "packages_imported/kotlin-test-js-runner/1.6.20",
      "packages_imported/kotlin-test/1.6.20"
    ],
    "resolutions": {},
    "devDependencies": {},
    "dependencies": {},
    "peerDependencies": {},
    "optionalDependencies": {},
    "bundledDependencies": []
  }

yarn manifest: 
  No manifest

Lockfile: 
  No lockfile
